<?xml version="1.0" encoding="UTF-8"?>
<!-- Generated by org.testng.reporters.JUnitXMLReporter -->
<testsuite ignored="0" hostname="AMAN" failures="0" tests="6" name="Passenger and Auth Service Tests" time="1.811" errors="0" timestamp="2025-08-19T11:30:43 IST">
  <testcase classname="com.FlightBookingSystem.PassengerService.PassengerServiceClientTest" name="testAddPassenger_ThenValidateByGet" time="0.259"/>
  <testcase classname="com.FlightBookingSystem.PassengerService.PassengerServiceClientTest" name="testDeletePassengerById_ReturnsSuccess" time="0.177"/>
  <testcase classname="com.FlightBookingSystem.PassengerService.PassengerServiceClientTest" name="testGetPassengerById_ValidatesJsonSchema" time="0.985"/>
  <testcase classname="com.FlightBookingSystem.PassengerService.PassengerServiceClientTest" name="testGetPassengerByNameMobile_ValidatesJsonSchema" time="0.15"/>
  <testcase classname="com.FlightBookingSystem.PassengerService.PassengerServiceClientTest" name="testGetPassengerList_ValidatesJsonSchema" time="0.194"/>
  <testcase classname="com.FlightBookingSystem.Authentication.TokenManagerTest" name="testAccessToken" time="0.001"/>
</testsuite> <!-- Passenger and Auth Service Tests -->
