<?xml version="1.0" encoding="UTF-8"?>
<testng-results ignored="0" total="6" passed="6" failed="0" skipped="0">
  <reporter-output>
  </reporter-output>
  <suite started-at="2025-08-19T11:30:41 IST" name="Flight Ticket Booking API Sevice Testing" finished-at="2025-08-19T11:30:43 IST" duration-ms="1811">
    <groups>
    </groups>
    <test started-at="2025-08-19T11:30:41 IST" name="Passenger and Auth Service Tests" finished-at="2025-08-19T11:30:43 IST" duration-ms="1811">
      <class name="com.FlightBookingSystem.Authentication.TokenManagerTest">
        <test-method signature="testAccessToken()[pri:0, instance:com.FlightBookingSystem.Authentication.TokenManagerTest@10244722]" started-at="2025-08-19T11:30:43 IST" name="testAccessToken" finished-at="2025-08-19T11:30:43 IST" duration-ms="1" status="PASS">
          <reporter-output>
          </reporter-output>
        </test-method> <!-- testAccessToken -->
      </class> <!-- com.FlightBookingSystem.Authentication.TokenManagerTest -->
      <class name="com.FlightBookingSystem.PassengerService.PassengerServiceClientTest">
        <test-method signature="testAddPassenger_ThenValidateByGet()[pri:0, instance:com.FlightBookingSystem.PassengerService.PassengerServiceClientTest@4c19d42e]" started-at="2025-08-19T11:30:41 IST" name="testAddPassenger_ThenValidateByGet" finished-at="2025-08-19T11:30:42 IST" duration-ms="259" status="PASS">
          <reporter-output>
          </reporter-output>
        </test-method> <!-- testAddPassenger_ThenValidateByGet -->
        <test-method signature="testDeletePassengerById_ReturnsSuccess()[pri:0, instance:com.FlightBookingSystem.PassengerService.PassengerServiceClientTest@4c19d42e]" started-at="2025-08-19T11:30:42 IST" name="testDeletePassengerById_ReturnsSuccess" finished-at="2025-08-19T11:30:42 IST" duration-ms="177" status="PASS">
          <reporter-output>
          </reporter-output>
        </test-method> <!-- testDeletePassengerById_ReturnsSuccess -->
        <test-method signature="testGetPassengerById_ValidatesJsonSchema()[pri:0, instance:com.FlightBookingSystem.PassengerService.PassengerServiceClientTest@4c19d42e]" started-at="2025-08-19T11:30:42 IST" name="testGetPassengerById_ValidatesJsonSchema" finished-at="2025-08-19T11:30:43 IST" duration-ms="985" status="PASS">
          <reporter-output>
          </reporter-output>
        </test-method> <!-- testGetPassengerById_ValidatesJsonSchema -->
        <test-method signature="testGetPassengerByNameMobile_ValidatesJsonSchema()[pri:0, instance:com.FlightBookingSystem.PassengerService.PassengerServiceClientTest@4c19d42e]" started-at="2025-08-19T11:30:43 IST" name="testGetPassengerByNameMobile_ValidatesJsonSchema" finished-at="2025-08-19T11:30:43 IST" duration-ms="150" status="PASS">
          <reporter-output>
          </reporter-output>
        </test-method> <!-- testGetPassengerByNameMobile_ValidatesJsonSchema -->
        <test-method signature="testGetPassengerList_ValidatesJsonSchema()[pri:0, instance:com.FlightBookingSystem.PassengerService.PassengerServiceClientTest@4c19d42e]" started-at="2025-08-19T11:30:43 IST" name="testGetPassengerList_ValidatesJsonSchema" finished-at="2025-08-19T11:30:43 IST" duration-ms="194" status="PASS">
          <reporter-output>
          </reporter-output>
        </test-method> <!-- testGetPassengerList_ValidatesJsonSchema -->
      </class> <!-- com.FlightBookingSystem.PassengerService.PassengerServiceClientTest -->
    </test> <!-- Passenger and Auth Service Tests -->
  </suite> <!-- Flight Ticket Booking API Sevice Testing -->
</testng-results>
