<?xml version="1.0" encoding="UTF-8"?>
<!-- Generated by org.testng.reporters.JUnitReportReporter -->
<testsuite hostname="AMAN" failures="0" tests="5" name="com.FlightBookingSystem.PassengerService.PassengerServiceClientTest" time="1.765" errors="0" timestamp="2025-08-19T11:30:43 IST" skipped="0">
  <testcase classname="com.FlightBookingSystem.PassengerService.PassengerServiceClientTest" name="testGetPassengerByNameMobile_ValidatesJsonSchema" time="0.150"/>
  <testcase classname="com.FlightBookingSystem.PassengerService.PassengerServiceClientTest" name="testAddPassenger_ThenValidateByGet" time="0.259"/>
  <testcase classname="com.FlightBookingSystem.PassengerService.PassengerServiceClientTest" name="testDeletePassengerById_ReturnsSuccess" time="0.177"/>
  <testcase classname="com.FlightBookingSystem.PassengerService.PassengerServiceClientTest" name="testGetPassengerById_ValidatesJsonSchema" time="0.985"/>
  <testcase classname="com.FlightBookingSystem.PassengerService.PassengerServiceClientTest" name="testGetPassengerList_ValidatesJsonSchema" time="0.194"/>
</testsuite> <!-- com.FlightBookingSystem.PassengerService.PassengerServiceClientTest -->
